<?xml version="1.0" encoding="UTF-8"?>
<testsuite name="servicios.runners.ObtenerEmpleadosRunner" tests="0" skipped="0" failures="0" errors="0" timestamp="1970-01-01T00:00:00" hostname="SQABOG-TGP4980" time="0.0">
  <properties/>
  <system-out><![CDATA[]]></system-out>
  <system-err><![CDATA[[Test worker] INFO net.thucydides.core.steps.ConsoleLoggingListener - Test Suite Started: consumir endpoints
]]></system-err>
</testsuite>
